{
  "stats": {
    "suites": 6,
    "tests": 18,
    "passes": 16,
    "pending": 0,
    "failures": 1,
    "testsRegistered": 18,
    "passPercent": 88.88888888888889,
    "pendingPercent": 0,
    "other": 0,
    "hasOther": false,
    "skipped": 1,
    "hasSkipped": true,
    "start": "2023-12-20T09:44:46.493Z",
    "end": "2023-12-20T09:46:21.011Z",
    "duration": 94518
  },
  "results": [
    {
      "uuid": "0f9c3d0a-2df8-417c-99a9-bd6b5e884002",
      "title": "",
      "fullFile": "cypress/e2e/adminPage.spec.js",
      "file": "cypress/e2e/adminPage.spec.js",
      "beforeHooks": [],
      "afterHooks": [],
      "tests": [],
      "suites": [
        {
          "uuid": "8f4c0443-89ac-44fb-adb1-a9391a2305c2",
          "title": "Admin section",
          "fullFile": "",
          "file": "",
          "beforeHooks": [],
          "afterHooks": [],
          "tests": [
            {
              "title": "verify records with user roles",
              "fullTitle": "Admin section verify records with user roles",
              "timedOut": null,
              "duration": 4495,
              "state": "passed",
              "speed": "fast",
              "pass": true,
              "fail": false,
              "pending": false,
              "context": null,
              "code": "// Navigate to the Admin page\n_adminPage.adminPage.navigateToAdminPage();\n// Get the count of total number of rows\n_adminPage.adminPage.getTotalRowCount().then(totalRowCount => {\n  cy.log(`Total number of rows: ${totalRowCount}`);\n  // Get the count of rows with role 'Admin'\n  _adminPage.adminPage.getAdminRowCount().then(adminRowCount => {\n    cy.log(`Number of rows with role 'Admin': ${adminRowCount}`);\n    // Get the count of rows with role 'ESS'\n    _adminPage.adminPage.getEssRowCount().then(essRowCount => {\n      cy.log(`Number of rows with role 'ESS': ${essRowCount}`);\n      // Assert the total number of rows\n      cy.wrap(totalRowCount).should('eq', adminRowCount + essRowCount);\n    });\n  });\n});",
              "err": {},
              "uuid": "a1354a2c-8fcd-4587-a95d-806447fd0ef5",
              "parentUUID": "8f4c0443-89ac-44fb-adb1-a9391a2305c2",
              "isHook": false,
              "skipped": false
            }
          ],
          "suites": [],
          "passes": [
            "a1354a2c-8fcd-4587-a95d-806447fd0ef5"
          ],
          "failures": [],
          "pending": [],
          "skipped": [],
          "duration": 4495,
          "root": false,
          "rootEmpty": false,
          "_timeout": 2000
        }
      ],
      "passes": [],
      "failures": [],
      "pending": [],
      "skipped": [],
      "duration": 0,
      "root": true,
      "rootEmpty": true,
      "_timeout": 2000
    },
    {
      "uuid": "1fa0a4ce-7291-4908-80f7-0a6776951929",
      "title": "",
      "fullFile": "cypress/e2e/dashboardPage.spec.js",
      "file": "cypress/e2e/dashboardPage.spec.js",
      "beforeHooks": [],
      "afterHooks": [],
      "tests": [],
      "suites": [
        {
          "uuid": "61964d38-747b-4fca-afd4-d5b57fc674d1",
          "title": "Dashboard Page",
          "fullFile": "",
          "file": "",
          "beforeHooks": [],
          "afterHooks": [],
          "tests": [
            {
              "title": "should load the dashboard page successfully",
              "fullTitle": "Dashboard Page should load the dashboard page successfully",
              "timedOut": null,
              "duration": 3216,
              "state": "passed",
              "speed": "fast",
              "pass": true,
              "fail": false,
              "pending": false,
              "context": null,
              "code": "_dashboardPage.dashboardPage.verifyDashboardLoadedSuccessfully();",
              "err": {},
              "uuid": "d0c56baf-f08b-409f-9190-b16e5b1dd144",
              "parentUUID": "61964d38-747b-4fca-afd4-d5b57fc674d1",
              "isHook": false,
              "skipped": false
            },
            {
              "title": "check the Dashboard text in header",
              "fullTitle": "Dashboard Page check the Dashboard text in header",
              "timedOut": null,
              "duration": 2090,
              "state": "passed",
              "speed": "fast",
              "pass": true,
              "fail": false,
              "pending": false,
              "context": null,
              "code": "_dashboardPage.dashboardPage.verifyDashboardHeaderText();",
              "err": {},
              "uuid": "6f6647c4-db91-4bc5-93d8-00bcedac3c00",
              "parentUUID": "61964d38-747b-4fca-afd4-d5b57fc674d1",
              "isHook": false,
              "skipped": false
            },
            {
              "title": "count the number of items displayed on a Dashboard",
              "fullTitle": "Dashboard Page count the number of items displayed on a Dashboard",
              "timedOut": null,
              "duration": 2068,
              "state": "passed",
              "speed": "fast",
              "pass": true,
              "fail": false,
              "pending": false,
              "context": null,
              "code": "_dashboardPage.dashboardPage.verifyNumberOfItems();",
              "err": {},
              "uuid": "12dbba03-fb79-410a-81ee-a14db74c74eb",
              "parentUUID": "61964d38-747b-4fca-afd4-d5b57fc674d1",
              "isHook": false,
              "skipped": false
            },
            {
              "title": "verify the title of items displayed on a Dashboard",
              "fullTitle": "Dashboard Page verify the title of items displayed on a Dashboard",
              "timedOut": null,
              "duration": 3051,
              "state": "passed",
              "speed": "fast",
              "pass": true,
              "fail": false,
              "pending": false,
              "context": null,
              "code": "_dashboardPage.dashboardPage.verifyTitleOfItems();",
              "err": {},
              "uuid": "04de1483-6bd9-4a71-b759-60e38634ebb3",
              "parentUUID": "61964d38-747b-4fca-afd4-d5b57fc674d1",
              "isHook": false,
              "skipped": false
            }
          ],
          "suites": [],
          "passes": [
            "d0c56baf-f08b-409f-9190-b16e5b1dd144",
            "6f6647c4-db91-4bc5-93d8-00bcedac3c00",
            "12dbba03-fb79-410a-81ee-a14db74c74eb",
            "04de1483-6bd9-4a71-b759-60e38634ebb3"
          ],
          "failures": [],
          "pending": [],
          "skipped": [],
          "duration": 10425,
          "root": false,
          "rootEmpty": false,
          "_timeout": 2000
        }
      ],
      "passes": [],
      "failures": [],
      "pending": [],
      "skipped": [],
      "duration": 0,
      "root": true,
      "rootEmpty": true,
      "_timeout": 2000
    },
    {
      "uuid": "73016a02-227d-4030-8c09-3b156b71892e",
      "title": "",
      "fullFile": "cypress/e2e/loginPage.spec.js",
      "file": "cypress/e2e/loginPage.spec.js",
      "beforeHooks": [],
      "afterHooks": [],
      "tests": [],
      "suites": [
        {
          "uuid": "c6f9f994-b3d4-4985-8257-846937a07ded",
          "title": "Login Functionality",
          "fullFile": "",
          "file": "",
          "beforeHooks": [],
          "afterHooks": [],
          "tests": [
            {
              "title": "should load the login page correctly without errors",
              "fullTitle": "Login Functionality should load the login page correctly without errors",
              "timedOut": null,
              "duration": 1632,
              "state": "passed",
              "speed": "fast",
              "pass": true,
              "fail": false,
              "pending": false,
              "context": null,
              "code": "_loginPage.loginPage.verifyLoginPageLoaded();",
              "err": {},
              "uuid": "c61410dd-b22c-464d-9154-a5f23d2a983d",
              "parentUUID": "c6f9f994-b3d4-4985-8257-846937a07ded",
              "isHook": false,
              "skipped": false
            },
            {
              "title": "should display the logo on the login page",
              "fullTitle": "Login Functionality should display the logo on the login page",
              "timedOut": null,
              "duration": 1527,
              "state": "passed",
              "speed": "fast",
              "pass": true,
              "fail": false,
              "pending": false,
              "context": null,
              "code": "_loginPage.loginPage.verifyLogoImage();",
              "err": {},
              "uuid": "fd9c5709-e3dd-4947-ac24-3bcfaaf2a90c",
              "parentUUID": "c6f9f994-b3d4-4985-8257-846937a07ded",
              "isHook": false,
              "skipped": false
            },
            {
              "title": "should log in with valid credentials",
              "fullTitle": "Login Functionality should log in with valid credentials",
              "timedOut": null,
              "duration": 2653,
              "state": "passed",
              "speed": "fast",
              "pass": true,
              "fail": false,
              "pending": false,
              "context": null,
              "code": "_loginPage.loginPage.fillUsername(_testdata.default.validUser.username);\n_loginPage.loginPage.fillPassword(_testdata.default.validUser.password);\n_loginPage.loginPage.clickLoginButton();\n_loginPage.loginPage.verifyDashboardPage();",
              "err": {},
              "uuid": "ff8d05c6-45f1-4a61-923d-8ef89fbebad5",
              "parentUUID": "c6f9f994-b3d4-4985-8257-846937a07ded",
              "isHook": false,
              "skipped": false
            },
            {
              "title": "should display appropriate error messages for invalid login attempts",
              "fullTitle": "Login Functionality should display appropriate error messages for invalid login attempts",
              "timedOut": null,
              "duration": 1978,
              "state": "passed",
              "speed": "fast",
              "pass": true,
              "fail": false,
              "pending": false,
              "context": null,
              "code": "_loginPage.loginPage.fillUsername(_testdata.default.invalidUser.username);\n_loginPage.loginPage.fillPassword(_testdata.default.invalidUser.password);\n_loginPage.loginPage.clickLoginButton();\n_loginPage.loginPage.verifyErrorMessageDisplayed();",
              "err": {},
              "uuid": "315adbea-54c7-4b1c-a7b8-b883c2aef8b0",
              "parentUUID": "c6f9f994-b3d4-4985-8257-846937a07ded",
              "isHook": false,
              "skipped": false
            },
            {
              "title": "verify logout works ",
              "fullTitle": "Login Functionality verify logout works ",
              "timedOut": null,
              "duration": 3092,
              "state": "passed",
              "speed": "fast",
              "pass": true,
              "fail": false,
              "pending": false,
              "context": null,
              "code": "_loginPage.loginPage.logIntoWebsite();\n_loginPage.loginPage.verifyLogoutFunctionality();",
              "err": {},
              "uuid": "0abdfa46-3286-4dbc-b81b-ed4503e5284e",
              "parentUUID": "c6f9f994-b3d4-4985-8257-846937a07ded",
              "isHook": false,
              "skipped": false
            }
          ],
          "suites": [],
          "passes": [
            "c61410dd-b22c-464d-9154-a5f23d2a983d",
            "fd9c5709-e3dd-4947-ac24-3bcfaaf2a90c",
            "ff8d05c6-45f1-4a61-923d-8ef89fbebad5",
            "315adbea-54c7-4b1c-a7b8-b883c2aef8b0",
            "0abdfa46-3286-4dbc-b81b-ed4503e5284e"
          ],
          "failures": [],
          "pending": [],
          "skipped": [],
          "duration": 10882,
          "root": false,
          "rootEmpty": false,
          "_timeout": 2000
        }
      ],
      "passes": [],
      "failures": [],
      "pending": [],
      "skipped": [],
      "duration": 0,
      "root": true,
      "rootEmpty": true,
      "_timeout": 2000
    },
    {
      "uuid": "5ad5b8c5-5726-47ba-abd2-0417c0e37b8d",
      "title": "",
      "fullFile": "cypress/e2e/navigationbar.spec.js",
      "file": "cypress/e2e/navigationbar.spec.js",
      "beforeHooks": [],
      "afterHooks": [],
      "tests": [],
      "suites": [
        {
          "uuid": "69eb895d-8005-4eb2-bff0-ef610ceb922b",
          "title": "Navigation Bar",
          "fullFile": "",
          "file": "",
          "beforeHooks": [],
          "afterHooks": [],
          "tests": [
            {
              "title": "verify the number of items in the navigation bar",
              "fullTitle": "Navigation Bar verify the number of items in the navigation bar",
              "timedOut": null,
              "duration": 2889,
              "state": "passed",
              "speed": "fast",
              "pass": true,
              "fail": false,
              "pending": false,
              "context": null,
              "code": "_navBar.navBar.countNavItems();",
              "err": {},
              "uuid": "729a2f85-6b01-4e1e-a465-fbe9be2e6771",
              "parentUUID": "69eb895d-8005-4eb2-bff0-ef610ceb922b",
              "isHook": false,
              "skipped": false
            },
            {
              "title": "verify that navigation items is clickable",
              "fullTitle": "Navigation Bar verify that navigation items is clickable",
              "timedOut": null,
              "duration": 30860,
              "state": "passed",
              "speed": "slow",
              "pass": true,
              "fail": false,
              "pending": false,
              "context": null,
              "code": "_navBar.navBar.navItemIsClickable();",
              "err": {},
              "uuid": "01b00643-ab0c-48b2-ae2f-3959f1904084",
              "parentUUID": "69eb895d-8005-4eb2-bff0-ef610ceb922b",
              "isHook": false,
              "skipped": false
            },
            {
              "title": "verify the chevron for Menu bar ",
              "fullTitle": "Navigation Bar verify the chevron for Menu bar ",
              "timedOut": null,
              "duration": 2386,
              "state": "passed",
              "speed": "fast",
              "pass": true,
              "fail": false,
              "pending": false,
              "context": null,
              "code": "_navBar.navBar.chevronOnMenuBar();",
              "err": {},
              "uuid": "cef9a257-a2c3-448c-8dd7-34a46e376424",
              "parentUUID": "69eb895d-8005-4eb2-bff0-ef610ceb922b",
              "isHook": false,
              "skipped": false
            },
            {
              "title": "verify the logo of Menu bar ",
              "fullTitle": "Navigation Bar verify the logo of Menu bar ",
              "timedOut": null,
              "duration": 2165,
              "state": "passed",
              "speed": "fast",
              "pass": true,
              "fail": false,
              "pending": false,
              "context": null,
              "code": "_navBar.navBar.logoOnNavBar();",
              "err": {},
              "uuid": "bbbcbc3a-0b0e-4088-a998-fede76067024",
              "parentUUID": "69eb895d-8005-4eb2-bff0-ef610ceb922b",
              "isHook": false,
              "skipped": false
            },
            {
              "title": "verify the search functionality of Menu bar ",
              "fullTitle": "Navigation Bar verify the search functionality of Menu bar ",
              "timedOut": null,
              "duration": 3436,
              "state": "passed",
              "speed": "fast",
              "pass": true,
              "fail": false,
              "pending": false,
              "context": null,
              "code": "_navBar.navBar.searchOnMenuBar();",
              "err": {},
              "uuid": "5013ecac-f406-42f3-ba1d-46c4fe241a7a",
              "parentUUID": "69eb895d-8005-4eb2-bff0-ef610ceb922b",
              "isHook": false,
              "skipped": false
            }
          ],
          "suites": [],
          "passes": [
            "729a2f85-6b01-4e1e-a465-fbe9be2e6771",
            "01b00643-ab0c-48b2-ae2f-3959f1904084",
            "cef9a257-a2c3-448c-8dd7-34a46e376424",
            "bbbcbc3a-0b0e-4088-a998-fede76067024",
            "5013ecac-f406-42f3-ba1d-46c4fe241a7a"
          ],
          "failures": [],
          "pending": [],
          "skipped": [],
          "duration": 41736,
          "root": false,
          "rootEmpty": false,
          "_timeout": 2000
        }
      ],
      "passes": [],
      "failures": [],
      "pending": [],
      "skipped": [],
      "duration": 0,
      "root": true,
      "rootEmpty": true,
      "_timeout": 2000
    },
    {
      "uuid": "2ad98b95-29f7-4d88-94dd-eacc51086c97",
      "title": "",
      "fullFile": "cypress/e2e/recruitmentPage.spec.js",
      "file": "cypress/e2e/recruitmentPage.spec.js",
      "beforeHooks": [],
      "afterHooks": [],
      "tests": [],
      "suites": [
        {
          "uuid": "853930e0-f014-4ad5-96a5-6c3847ab8430",
          "title": "Recruitment Page",
          "fullFile": "",
          "file": "",
          "beforeHooks": [],
          "afterHooks": [],
          "tests": [
            {
              "title": "add new candidate",
              "fullTitle": "Recruitment Page add new candidate",
              "timedOut": null,
              "duration": 215,
              "state": "failed",
              "speed": null,
              "pass": false,
              "fail": true,
              "pending": false,
              "context": null,
              "code": "cy.fixture('candidateData').then(candidateData => {\n  _recruitmentPage.recruitmentPage.addNewCandidate(candidateData);\n});",
              "err": {
                "message": "ReferenceError: baseTest is not defined\n\nBecause this error occurred during a `before each` hook we are skipping the remaining tests in the current suite: `Recruitment Page`",
                "estack": "ReferenceError: baseTest is not defined\n\nBecause this error occurred during a `before each` hook we are skipping the remaining tests in the current suite: `Recruitment Page`\n    at Context.eval (webpack:///./cypress/e2e/recruitmentPage.spec.js:6:4)",
                "diff": null
              },
              "uuid": "56966c7c-c16c-4b03-bf27-ad06539abfc5",
              "parentUUID": "853930e0-f014-4ad5-96a5-6c3847ab8430",
              "isHook": false,
              "skipped": false
            },
            {
              "title": "verify candidate in the Candidates section",
              "fullTitle": "Recruitment Page verify candidate in the Candidates section",
              "timedOut": null,
              "duration": 0,
              "state": "skipped",
              "speed": null,
              "pass": false,
              "fail": false,
              "pending": false,
              "context": null,
              "code": "cy.fixture('candidateData').then(candidateData => {\n  _recruitmentPage.recruitmentPage.navigateToCandidatesSection();\n  _recruitmentPage.recruitmentPage.verifyCandidateInCandidatesSection(candidateData);\n});",
              "err": {},
              "uuid": "87da741b-7afd-4136-8912-44108e1bf2a6",
              "parentUUID": "853930e0-f014-4ad5-96a5-6c3847ab8430",
              "isHook": false,
              "skipped": true
            }
          ],
          "suites": [],
          "passes": [],
          "failures": [
            "56966c7c-c16c-4b03-bf27-ad06539abfc5"
          ],
          "pending": [],
          "skipped": [
            "87da741b-7afd-4136-8912-44108e1bf2a6"
          ],
          "duration": 215,
          "root": false,
          "rootEmpty": false,
          "_timeout": 2000
        }
      ],
      "passes": [],
      "failures": [],
      "pending": [],
      "skipped": [],
      "duration": 0,
      "root": true,
      "rootEmpty": true,
      "_timeout": 2000
    },
    {
      "uuid": "801f93a4-dd4a-4b1f-a9a1-21f37eda5fa6",
      "title": "",
      "fullFile": "cypress/e2e/addNewEmployee.spec.js",
      "file": "cypress/e2e/addNewEmployee.spec.js",
      "beforeHooks": [],
      "afterHooks": [],
      "tests": [],
      "suites": [
        {
          "uuid": "511df398-f21a-4db1-8783-5847d7d0dd1f",
          "title": "PIM Section",
          "fullFile": "",
          "file": "",
          "beforeHooks": [],
          "afterHooks": [],
          "tests": [
            {
              "title": "should add a new employee with the required details",
              "fullTitle": "PIM Section should add a new employee with the required details",
              "timedOut": null,
              "duration": 15724,
              "state": "passed",
              "speed": "slow",
              "pass": true,
              "fail": false,
              "pending": false,
              "context": null,
              "code": "_employeePage.employee.addEmployee(_testdata.default.employee1.firstName, _testdata.default.employee1.lastName, _testdata.default.employee1.employeeID);\n_employeePage.employee.uploadEmployeeImage();\n_employeePage.employee.saveEmployeeData();\n_employeePage.employee.verifyCreatedEmployee(_testdata.default.employee1.firstName);",
              "err": {},
              "uuid": "10384f9a-d01d-4c4f-ab0b-9026677af423",
              "parentUUID": "511df398-f21a-4db1-8783-5847d7d0dd1f",
              "isHook": false,
              "skipped": false
            }
          ],
          "suites": [],
          "passes": [
            "10384f9a-d01d-4c4f-ab0b-9026677af423"
          ],
          "failures": [],
          "pending": [],
          "skipped": [],
          "duration": 15724,
          "root": false,
          "rootEmpty": false,
          "_timeout": 2000
        }
      ],
      "passes": [],
      "failures": [],
      "pending": [],
      "skipped": [],
      "duration": 0,
      "root": true,
      "rootEmpty": true,
      "_timeout": 2000
    }
  ],
  "meta": {
    "mocha": {
      "version": "7.0.1"
    },
    "mochawesome": {
      "options": {
        "quiet": false,
        "reportFilename": "mochawesome",
        "saveHtml": false,
        "saveJson": true,
        "consoleReporter": "spec",
        "useInlineDiffs": false,
        "code": true
      },
      "version": "7.1.3"
    },
    "marge": {
      "options": {
        "id": "default",
        "reportDir": "cypress/results/mochawesome",
        "overwrite": false,
        "html": false,
        "json": true
      },
      "version": "6.2.0"
    }
  }
}